[function createFormatWrap(opts) {
    return new Format(opts);
  }] INFO: saom
[function createFormatWrap(opts) {
    return new Format(opts);
  }] INFO: saom
[2024-11-23 14:35:18] INFO: saom
[2024-11-23 16:57:35] INFO: app is running on port: 3000
[2024-11-23 17:00:50] INFO: app is running on port: 3000
[2024-11-23 17:04:36] INFO: app is running on port: 3000
[2024-11-23 17:04:42] INFO: app is running on port: 3000
[2024-11-23 17:04:48] INFO: app is running on port: 3000
[2024-11-23 17:04:52] INFO: app is running on port: 3000
[2024-11-23 17:04:55] INFO: app is running on port: 3000
[2024-11-23 17:05:11] INFO: app is running on port: 3000
[2024-11-23 17:05:13] INFO: app is running on port: 3000
[2024-11-23 17:05:15] INFO: app is running on port: 3000
[2024-11-23 17:05:22] INFO: app is running on port: 3000
[2024-11-23 17:05:58] ERROR: select * from "email" - relation "email" does not exist
[2024-11-23 17:05:58] ERROR: select * from "email" - relation "email" does not exist
[2024-11-23 17:07:24] INFO: app is running on port: 3000
[2024-11-23 17:09:25] INFO: app is running on port: 3000
[2024-11-23 17:09:32] ERROR: insert into "erp" ("email", "name", "password") values ($1, $2, $3) returning * - relation "erp" does not exist
[2024-11-23 17:09:32] ERROR: insert into "erp" ("email", "name", "password") values ($1, $2, $3) returning * - relation "erp" does not exist
[2024-11-23 17:10:36] INFO: app is running on port: 3000
[2024-11-23 17:10:40] INFO: app is running on port: 3000
[2024-11-23 17:10:54] INFO: app is running on port: 3000
[2024-11-23 17:11:00] INFO: app is running on port: 3000
[2024-11-23 17:11:02] ERROR: insert into "erp" ("email", "name", "password") values ($1, $2, $3) returning * - relation "erp" does not exist
[2024-11-23 17:11:02] ERROR: insert into "erp" ("email", "name", "password") values ($1, $2, $3) returning * - relation "erp" does not exist
[2024-11-23 17:11:05] INFO: app is running on port: 3000
[2024-11-23 17:11:40] ERROR: insert into "erp" ("email", "name", "password") values ($1, $2, $3) returning * - relation "erp" does not exist
[2024-11-23 17:11:40] ERROR: insert into "erp" ("email", "name", "password") values ($1, $2, $3) returning * - relation "erp" does not exist
[2024-11-23 17:12:12] INFO: app is running on port: 3000
[2024-11-23 17:12:14] INFO: app is running on port: 3000
[2024-11-23 17:13:25] ERROR: insert into "users" ("email", "name", "password") values ($1, $2, $3) returning * - duplicate key value violates unique constraint "users_email_unique"
[2024-11-23 17:13:25] ERROR: insert into "users" ("email", "name", "password") values ($1, $2, $3) returning * - duplicate key value violates unique constraint "users_email_unique"
[2024-11-23 17:13:51] INFO: app is running on port: 3000
[2024-11-23 17:13:53] INFO: app is running on port: 3000
[2024-11-23 17:13:56] ERROR: insert into "users" ("email", "name", "password") values ($1, $2, $3) returning * - duplicate key value violates unique constraint "users_email_unique"
[2024-11-23 17:13:56] ERROR: insert into "users" ("email", "name", "password") values ($1, $2, $3) returning * - duplicate key value violates unique constraint "users_email_unique"
[2024-11-23 17:14:07] INFO: app is running on port: 3000
[2024-11-23 17:14:09] ERROR: insert into "users" ("email", "name", "password") values ($1, $2, $3) returning * - duplicate key value violates unique constraint "users_email_unique"
[2024-11-23 17:14:09] ERROR: insert into "users" ("email", "name", "password") values ($1, $2, $3) returning * - duplicate key value violates unique constraint "users_email_unique"
[2024-11-23 17:14:16] INFO: app is running on port: 3000
[2024-11-23 17:14:43] INFO: app is running on port: 3000
[2024-11-23 17:14:46] ERROR: email is alredy exsist
[2024-11-23 17:14:46] ERROR: email is alredy exsist
[2024-11-23 17:15:19] INFO: app is running on port: 3000
[2024-11-23 17:15:43] INFO: app is running on port: 3000
[2024-11-23 17:15:46] INFO: app is running on port: 3000
[2024-11-23 17:15:49] INFO: app is running on port: 3000
[2024-11-23 17:16:07] INFO: app is running on port: 3000
[2024-11-23 17:16:11] INFO: app is running on port: 3000
[2024-11-23 17:16:54] INFO: app is running on port: 3000
[2024-11-23 17:16:56] INFO: app is running on port: 3000
[2024-11-23 17:17:11] INFO: app is running on port: 3000
[2024-11-23 17:17:15] INFO: app is running on port: 3000
[2024-11-23 17:17:24] INFO: app is running on port: 3000
[2024-11-23 17:17:28] INFO: app is running on port: 3000
[2024-11-23 17:17:31] INFO: app is running on port: 3000
[2024-11-23 17:17:33] INFO: app is running on port: 3000
[2024-11-23 17:17:42] INFO: app is running on port: 3000
[2024-11-23 17:17:48] INFO: app is running on port: 3000
[2024-11-23 17:17:50] INFO: app is running on port: 3000
[2024-11-23 17:17:52] INFO: app is running on port: 3000
[2024-11-23 17:17:59] INFO: app is running on port: 3000
[2024-11-23 17:18:08] INFO: app is running on port: 3000
[2024-11-23 17:18:12] INFO: app is running on port: 3000
[2024-11-23 17:18:19] INFO: app is running on port: 3000
[2024-11-23 17:18:29] INFO: app is running on port: 3000
[2024-11-23 17:18:36] INFO: app is running on port: 3000
[2024-11-23 17:18:47] INFO: app is running on port: 3000
[2024-11-23 17:18:48] INFO: app is running on port: 3000
[2024-11-23 17:18:52] ERROR: email is alredy exsist
[2024-11-23 17:18:52] ERROR: email is alredy exsist
[2024-11-23 17:18:52] ERROR: Error: email is alredy exsist
[2024-11-23 17:19:00] INFO: app is running on port: 3000
[2024-11-23 17:19:05] INFO: app is running on port: 3000
[2024-11-23 17:20:03] INFO: app is running on port: 3000
[2024-11-23 17:20:06] INFO: app is running on port: 3000
[2024-11-23 17:20:10] INFO: app is running on port: 3000
[2024-11-23 17:20:56] INFO: app is running on port: 3000
[2024-11-23 17:21:04] INFO: app is running on port: 3000
[2024-11-23 18:22:03] INFO: app is running on port: 3000
[2024-11-23 18:22:06] ERROR: getUserSersice is not defined
[2024-11-23 18:22:06] ERROR: Error: getUserSersice is not defined
[2024-11-23 18:22:16] INFO: app is running on port: 3000
[2024-11-23 18:22:19] INFO: app is running on port: 3000
[2024-11-23 18:22:20] INFO: app is running on port: 3000
[2024-11-23 18:22:21] INFO: app is running on port: 3000
[2024-11-23 18:24:54] INFO: app is running on port: 3000
[2024-11-23 18:25:03] INFO: app is running on port: 3000
[2024-11-23 18:25:13] INFO: app is running on port: 3000
[2024-11-23 18:25:43] INFO: app is running on port: 3000
[2024-11-23 18:25:48] INFO: app is running on port: 3000
[2024-11-23 18:25:49] INFO: app is running on port: 3000
[2024-11-23 18:25:51] INFO: app is running on port: 3000
[2024-11-23 18:25:55] ERROR: user not found
[2024-11-23 18:25:55] ERROR: Error: user not found
[2024-11-23 18:26:28] INFO: app is running on port: 3000
[2024-11-23 18:26:30] ERROR: user not found
[2024-11-23 18:26:30] ERROR: Error: user not found
[2024-11-23 18:26:41] INFO: app is running on port: 3000
[2024-11-23 18:26:42] ERROR: user not found
[2024-11-23 18:26:42] ERROR: Error: user not found
[2024-11-23 18:26:46] INFO: app is running on port: 3000
[2024-11-23 18:31:05] INFO: app is running on port: 3000
[2024-11-23 18:31:10] INFO: app is running on port: 3000
[2024-11-23 18:31:12] INFO: app is running on port: 3000
[2024-11-23 18:31:49] ERROR: user not found
[2024-11-23 18:31:49] ERROR: user not found
[2024-11-23 18:31:49] ERROR: Error: user not found
[2024-11-23 18:32:16] INFO: app is running on port: 3000
[2024-11-23 18:32:20] INFO: app is running on port: 3000
[2024-11-23 18:32:36] INFO: app is running on port: 3000
[2024-11-23 18:32:42] INFO: app is running on port: 3000
[2024-11-23 18:32:59] INFO: app is running on port: 3000
[2024-11-23 18:33:02] INFO: app is running on port: 3000
[2024-11-23 18:33:05] INFO: app is running on port: 3000
[2024-11-23 18:33:06] INFO: app is running on port: 3000
[2024-11-23 18:33:08] INFO: app is running on port: 3000
[2024-11-23 18:33:09] INFO: app is running on port: 3000
[2024-11-23 18:33:14] ERROR: email is alredy exsist
[2024-11-23 18:33:14] ERROR: email is alredy exsist
[2024-11-23 18:33:14] ERROR: Error: email is alredy exsist
[2024-11-23 18:34:07] ERROR: email is alredy exsist
[2024-11-23 18:34:07] ERROR: email is alredy exsist
[2024-11-23 18:34:07] ERROR: Error: email is alredy exsist
[2024-11-23 18:34:37] INFO: app is running on port: 3000
[2024-11-23 18:34:43] INFO: app is running on port: 3000
[2024-11-23 18:37:16] INFO: app is running on port: 3000
[2024-11-23 18:37:22] ERROR: user not found
[2024-11-23 18:37:22] ERROR: Error: user not found
[2024-11-23 18:39:10] INFO: app is running on port: 3000
[2024-11-23 18:39:21] INFO: app is running on port: 3000
[2024-11-23 18:39:25] INFO: app is running on port: 3000
[2024-11-23 18:39:29] INFO: app is running on port: 3000
[2024-11-23 18:39:33] INFO: app is running on port: 3000
[2024-11-23 18:39:35] INFO: app is running on port: 3000
[2024-11-23 18:39:37] ERROR: user not found
[2024-11-23 18:39:37] ERROR: Error: user not found
[2024-11-23 18:40:00] ERROR: user not found
[2024-11-23 18:40:00] ERROR: Error: user not found
[2024-11-23 18:40:37] INFO: app is running on port: 3000
[2024-11-23 18:40:39] INFO: app is running on port: 3000
[2024-11-23 18:40:41] INFO: app is running on port: 3000
[2024-11-23 18:40:47] INFO: app is running on port: 3000
[2024-11-23 18:41:06] INFO: app is running on port: 3000
[2024-11-23 18:41:13] INFO: app is running on port: 3000
[2024-11-23 18:41:17] INFO: app is running on port: 3000
[2024-11-23 18:41:20] ERROR: user not found
[2024-11-23 18:41:20] ERROR: Error: user not found
[2024-11-23 18:41:33] INFO: app is running on port: 3000
[2024-11-23 18:41:42] INFO: app is running on port: 3000
[2024-11-23 18:41:46] INFO: app is running on port: 3000
[2024-11-23 18:41:47] INFO: app is running on port: 3000
[2024-11-23 18:41:49] INFO: app is running on port: 3000
[2024-11-23 18:41:50] ERROR: user not found
[2024-11-23 18:41:50] ERROR: Error: user not found
[2024-11-23 18:42:00] INFO: app is running on port: 3000
[2024-11-23 18:42:03] ERROR: user not found
[2024-11-23 18:42:03] ERROR: Error: user not found
[2024-11-23 18:42:19] ERROR: user not found
[2024-11-23 18:42:19] ERROR: Error: user not found
[2024-11-23 18:42:46] ERROR: user not found
[2024-11-23 18:42:46] ERROR: Error: user not found
[2024-11-23 18:43:04] INFO: app is running on port: 3000
[2024-11-23 18:43:42] INFO: app is running on port: 3000
[2024-11-23 18:43:46] INFO: app is running on port: 3000
[2024-11-23 18:43:47] INFO: app is running on port: 3000
[2024-11-23 18:43:49] ERROR: user not found
[2024-11-23 18:43:49] ERROR: Error: user not found
[2024-11-23 18:44:15] INFO: app is running on port: 3000
[2024-11-23 18:44:19] INFO: app is running on port: 3000
[2024-11-23 18:44:21] INFO: app is running on port: 3000
[2024-11-23 18:44:26] ERROR: user not found
[2024-11-23 18:44:26] ERROR: Error: user not found
[2024-11-23 18:44:35] INFO: app is running on port: 3000
[2024-11-23 18:44:37] INFO: app is running on port: 3000
[2024-11-23 18:44:50] ERROR: user not found
[2024-11-23 18:44:50] ERROR: Error: user not found
[2024-11-23 18:44:58] ERROR: user not found
[2024-11-23 18:44:58] ERROR: Error: user not found
[2024-11-23 18:47:27] INFO: app is running on port: 3000
[2024-11-23 18:47:44] INFO: app is running on port: 3000
[2024-11-23 18:47:45] INFO: app is running on port: 3000
[2024-11-23 18:47:49] INFO: app is running on port: 3000
[2024-11-23 18:47:52] INFO: app is running on port: 3000
[2024-11-23 18:47:55] ERROR: user not found
[2024-11-23 18:47:55] ERROR: Error: user not found
[2024-11-23 18:48:01] ERROR: user not found
[2024-11-23 18:48:01] ERROR: Error: user not found
[2024-11-23 18:48:13] INFO: app is running on port: 3000
[2024-11-23 18:48:14] INFO: app is running on port: 3000
[2024-11-23 18:48:17] INFO: app is running on port: 3000
[2024-11-23 18:48:20] INFO: app is running on port: 3000
[2024-11-23 18:48:22] ERROR: user not found
[2024-11-23 18:48:22] ERROR: Error: user not found
[2024-11-23 18:48:29] INFO: app is running on port: 3000
[2024-11-23 18:49:50] INFO: app is running on port: 3000
[2024-11-23 18:50:09] INFO: app is running on port: 3000
[2024-11-23 18:50:11] ERROR: user not found
[2024-11-23 18:50:11] ERROR: Error: user not found
[2024-11-23 18:50:37] INFO: app is running on port: 3000
[2024-11-23 18:50:39] INFO: app is running on port: 3000
[2024-11-23 18:50:43] INFO: app is running on port: 3000
[2024-11-23 18:50:46] INFO: app is running on port: 3000
[2024-11-23 18:50:47] INFO: app is running on port: 3000
[2024-11-23 18:51:00] INFO: app is running on port: 3000
[2024-11-23 18:51:13] ERROR: Undefined binding(s) detected when compiling SELECT. Undefined column(s): [name', '%user1] query: select * from "users" where "name', '%user1" like ?
[2024-11-23 18:51:13] ERROR: Error: Undefined binding(s) detected when compiling SELECT. Undefined column(s): [name', '%user1] query: select * from "users" where "name', '%user1" like ?
[2024-11-23 18:53:00] INFO: app is running on port: 3000
[2024-11-23 18:53:10] INFO: app is running on port: 3000
[2024-11-23 18:53:17] INFO: app is running on port: 3000
[2024-11-23 18:53:20] INFO: app is running on port: 3000
[2024-11-23 18:53:22] INFO: app is running on port: 3000
[2024-11-23 18:53:26] INFO: app is running on port: 3000
[2024-11-23 18:53:33] ERROR: user not found
[2024-11-23 18:53:33] ERROR: Error: user not found
[2024-11-23 18:53:41] INFO: app is running on port: 3000
[2024-11-23 18:53:42] ERROR: user not found
[2024-11-23 18:53:42] ERROR: Error: user not found
[2024-11-23 18:54:14] INFO: app is running on port: 3000
[2024-11-23 19:00:24] INFO: app is running on port: 3000
[2024-11-23 19:00:49] INFO: app is running on port: 3000
[2024-11-23 19:01:10] INFO: app is running on port: 3000
[2024-11-23 19:01:11] INFO: app is running on port: 3000
[2024-11-23 19:01:14] INFO: app is running on port: 3000
[2024-11-23 19:01:23] INFO: app is running on port: 3000
[2024-11-23 19:01:26] INFO: app is running on port: 3000
[2024-11-23 19:01:32] INFO: app is running on port: 3000
[2024-11-23 19:01:35] INFO: app is running on port: 3000
[2024-11-23 19:01:39] INFO: app is running on port: 3000
[2024-11-23 19:01:55] INFO: app is running on port: 3000
[2024-11-23 19:01:57] INFO: app is running on port: 3000
[2024-11-23 19:01:58] INFO: app is running on port: 3000
[2024-11-23 19:02:12] INFO: app is running on port: 3000
[2024-11-23 19:02:18] INFO: app is running on port: 3000
[2024-11-23 19:02:33] INFO: app is running on port: 3000
[2024-11-23 19:02:36] INFO: app is running on port: 3000
[2024-11-23 19:02:47] INFO: app is running on port: 3000
[2024-11-23 19:03:18] INFO: app is running on port: 3000
[2024-11-23 19:04:28] INFO: app is running on port: 3000
[2024-11-23 19:04:48] INFO: app is running on port: 3000
[2024-11-23 19:04:52] INFO: app is running on port: 3000
[2024-11-23 19:05:30] INFO: app is running on port: 3000
[2024-11-23 19:05:33] INFO: app is running on port: 3000
[2024-11-23 19:05:38] INFO: app is running on port: 3000
[2024-11-23 19:05:51] INFO: app is running on port: 3000
[2024-11-23 19:05:54] INFO: app is running on port: 3000
[2024-11-23 19:05:57] INFO: app is running on port: 3000
[2024-11-23 19:05:59] INFO: app is running on port: 3000
[2024-11-23 19:06:02] INFO: app is running on port: 3000
[2024-11-23 19:07:20] ERROR: update "users" set "name" = $1, "email" = $2 where "id" = $3 - duplicate key value violates unique constraint "users_email_unique"
[2024-11-23 19:07:20] ERROR: update "users" set "name" = $1, "email" = $2 where "id" = $3 - duplicate key value violates unique constraint "users_email_unique"
[2024-11-23 19:07:20] ERROR: Error: update "users" set "name" = $1, "email" = $2 where "id" = $3 - duplicate key value violates unique constraint "users_email_unique"
[2024-11-23 19:08:05] INFO: app is running on port: 3000
[2024-11-23 19:08:10] INFO: app is running on port: 3000
[2024-11-23 19:09:02] INFO: app is running on port: 3000
[2024-11-23 19:09:05] ERROR: email is alredy exsist
[2024-11-23 19:09:05] ERROR: email is alredy exsist
[2024-11-23 19:09:05] ERROR: Error: email is alredy exsist
[2024-11-23 19:14:11] INFO: app is running on port: 3000
[2024-11-23 19:14:26] INFO: app is running on port: 3000
[2024-11-23 19:14:27] ERROR: body is not defined
[2024-11-23 19:14:27] ERROR: Error: body is not defined
[2024-11-23 19:14:43] INFO: app is running on port: 3000
[2024-11-23 19:14:44] ERROR: select * from "users" where "id" = $1 - invalid input syntax for type integer: ""
[2024-11-23 19:14:44] ERROR: select * from "users" where "id" = $1 - invalid input syntax for type integer: ""
[2024-11-23 19:14:44] ERROR: Error: select * from "users" where "id" = $1 - invalid input syntax for type integer: ""
[2024-11-23 19:15:04] INFO: app is running on port: 3000
[2024-11-23 19:15:11] ERROR: user not found
[2024-11-23 19:15:11] ERROR: user not found
[2024-11-23 19:15:11] ERROR: Error: user not found
[2024-11-23 19:15:30] ERROR: AppError is not defined
[2024-11-23 19:15:30] ERROR: Error: AppError is not defined
[2024-11-23 19:28:15] INFO: app is running on port: 3000
[2024-11-23 19:28:24] INFO: app is running on port: 3000
[2024-11-23 19:28:28] INFO: app is running on port: 3000
[2024-11-23 19:28:29] INFO: app is running on port: 3000
[2024-11-23 19:28:32] INFO: app is running on port: 3000
[2024-11-23 19:28:40] INFO: app is running on port: 3000
[2024-11-23 19:28:43] INFO: app is running on port: 3000
[2024-11-23 19:28:45] INFO: app is running on port: 3000
[2024-11-23 19:28:46] INFO: app is running on port: 3000
[2024-11-23 19:28:55] INFO: app is running on port: 3000
[2024-11-23 19:28:59] INFO: app is running on port: 3000
[2024-11-23 19:29:01] INFO: app is running on port: 3000
[2024-11-23 19:29:04] INFO: app is running on port: 3000
[2024-11-23 19:29:07] INFO: app is running on port: 3000
[2024-11-23 19:29:18] INFO: app is running on port: 3000
[2024-11-23 19:29:23] INFO: app is running on port: 3000
[2024-11-23 19:29:25] INFO: app is running on port: 3000
[2024-11-23 19:29:26] INFO: app is running on port: 3000
[2024-11-23 19:29:28] INFO: app is running on port: 3000
[2024-11-23 19:29:37] INFO: app is running on port: 3000
[2024-11-23 19:29:39] INFO: app is running on port: 3000
[2024-11-23 19:29:40] INFO: app is running on port: 3000
[2024-11-23 19:29:42] INFO: app is running on port: 3000
[2024-11-23 19:29:45] INFO: app is running on port: 3000
[2024-11-23 19:29:50] INFO: app is running on port: 3000
[2024-11-23 19:29:55] INFO: app is running on port: 3000
[2024-11-23 19:29:57] INFO: app is running on port: 3000
[2024-11-23 19:30:03] INFO: app is running on port: 3000
[2024-11-23 19:30:09] INFO: app is running on port: 3000
[2024-11-23 19:30:22] INFO: app is running on port: 3000
[2024-11-23 19:30:25] INFO: app is running on port: 3000
[2024-11-23 19:30:30] INFO: app is running on port: 3000
[2024-11-23 19:30:34] INFO: app is running on port: 3000
[2024-11-23 19:30:36] INFO: app is running on port: 3000
[2024-11-23 19:30:42] INFO: app is running on port: 3000
[2024-11-23 19:31:23] INFO: app is running on port: 3000
[2024-11-23 19:31:26] INFO: app is running on port: 3000
[2024-11-23 19:31:31] INFO: app is running on port: 3000
[2024-11-23 19:31:33] INFO: app is running on port: 3000
[2024-11-23 19:31:34] INFO: app is running on port: 3000
[2024-11-23 19:31:36] INFO: app is running on port: 3000
[2024-11-23 19:31:38] INFO: app is running on port: 3000
[2024-11-23 19:31:39] INFO: app is running on port: 3000
[2024-11-23 19:31:54] INFO: app is running on port: 3000
[2024-11-23 19:31:57] INFO: app is running on port: 3000
[2024-11-23 19:32:00] INFO: app is running on port: 3000
[2024-11-23 19:32:02] INFO: app is running on port: 3000
[2024-11-23 19:32:06] INFO: app is running on port: 3000
[2024-11-23 19:32:08] INFO: app is running on port: 3000
[2024-11-23 19:32:14] INFO: app is running on port: 3000
[2024-11-23 19:32:17] INFO: app is running on port: 3000
[2024-11-23 19:32:19] INFO: app is running on port: 3000
[2024-11-23 19:32:28] INFO: app is running on port: 3000
[2024-11-23 19:32:30] INFO: app is running on port: 3000
[2024-11-23 19:32:40] INFO: app is running on port: 3000
[2024-11-23 19:32:43] INFO: app is running on port: 3000
[2024-11-23 19:32:47] INFO: app is running on port: 3000
[2024-11-23 19:32:51] INFO: app is running on port: 3000
[2024-11-23 19:32:55] INFO: app is running on port: 3000
[2024-11-23 19:32:59] INFO: app is running on port: 3000
[2024-11-23 19:33:01] INFO: app is running on port: 3000
[2024-11-23 19:33:06] INFO: app is running on port: 3000
[2024-11-23 19:33:07] INFO: app is running on port: 3000
[2024-11-23 19:35:30] INFO: app is running on port: 3000
[2024-11-23 19:35:32] INFO: app is running on port: 3000
[2024-11-23 19:35:33] INFO: app is running on port: 3000
[2024-11-23 19:35:48] INFO: app is running on port: 3000
[2024-11-23 19:56:54] INFO: app is running on port: 3000
[2024-11-23 20:03:37] ERROR: updatCourseSersice is not defined
[2024-11-23 20:03:37] ERROR: Error: updatCourseSersice is not defined
[2024-11-23 20:04:13] INFO: app is running on port: 3000
[2024-11-23 20:04:15] ERROR: course not found
[2024-11-23 20:04:15] ERROR: course not found
[2024-11-23 20:04:15] ERROR: Error: course not found
[2024-11-23 20:04:35] ERROR: Cannot read properties of undefined (reading 'id')
[2024-11-23 20:04:35] ERROR: Error: Cannot read properties of undefined (reading 'id')
[2024-11-23 20:05:29] INFO: app is running on port: 3000
[2024-11-23 20:05:33] INFO: app is running on port: 3000
[2024-11-23 20:12:28] INFO: app is running on port: 3000
[2024-11-23 20:12:32] INFO: app is running on port: 3000
[2024-11-23 20:12:34] ERROR: Cannot read properties of undefined (reading 'id')
[2024-11-23 20:12:34] ERROR: Error: Cannot read properties of undefined (reading 'id')
[2024-11-23 20:12:45] INFO: app is running on port: 3000
[2024-11-23 20:12:47] INFO: app is running on port: 3000
[2024-11-23 20:13:39] ERROR: AppError is not defined
[2024-11-23 20:13:39] ERROR: Error: AppError is not defined
[2024-11-23 20:13:54] ERROR: course not found
[2024-11-23 20:13:54] ERROR: course not found
[2024-11-23 20:13:54] ERROR: Error: course not found
[2024-11-23 23:50:21] INFO: app is running on port: 3000
[2024-11-23 23:52:25] ERROR: user id not found
[2024-11-23 23:52:25] ERROR: user id not found
[2024-11-23 23:52:25] ERROR: Error: user id not found
[2024-11-23 23:53:04] INFO: app is running on port: 3000
[2024-11-23 23:53:55] ERROR: user id not found
[2024-11-23 23:53:55] ERROR: user id not found
[2024-11-23 23:53:55] ERROR: Error: user id not found
[2024-11-23 23:54:11] ERROR: AppError is not defined
[2024-11-23 23:54:11] ERROR: Error: AppError is not defined
[2024-11-23 23:54:59] INFO: app is running on port: 3000
[2024-11-23 23:55:01] ERROR: AppError is not defined
[2024-11-23 23:55:01] ERROR: Error: AppError is not defined
[2024-11-23 23:55:15] INFO: app is running on port: 3000
[2024-11-23 23:55:22] INFO: app is running on port: 3000
[2024-11-23 23:55:24] ERROR: student not found
[2024-11-23 23:55:24] ERROR: Error: student not found
[2024-11-23 23:55:33] INFO: app is running on port: 3000
[2024-11-23 23:55:45] INFO: app is running on port: 3000
[2024-11-23 23:55:49] INFO: app is running on port: 3000
[2024-11-23 23:56:52] ERROR: Cannot read properties of undefined (reading 'id')
[2024-11-23 23:56:52] ERROR: Error: Cannot read properties of undefined (reading 'id')
[2024-11-23 23:57:13] ERROR: Cannot read properties of undefined (reading 'id')
[2024-11-23 23:57:13] ERROR: Error: Cannot read properties of undefined (reading 'id')
[2024-11-23 23:59:38] INFO: app is running on port: 3000
[2024-11-23 23:59:41] ERROR: Cannot read properties of undefined (reading 'id')
[2024-11-23 23:59:41] ERROR: Error: Cannot read properties of undefined (reading 'id')
[2024-11-24 00:01:22] ERROR: deleteStudentSersice is not defined
[2024-11-24 00:01:22] ERROR: Error: deleteStudentSersice is not defined
[2024-11-24 00:01:32] INFO: app is running on port: 3000
[2024-11-24 00:01:38] INFO: app is running on port: 3000
[2024-11-24 00:01:40] ERROR: getCoursesSersice is not defined
[2024-11-24 00:01:40] ERROR: getCoursesSersice is not defined
[2024-11-24 00:01:40] ERROR: Error: getCoursesSersice is not defined
[2024-11-24 00:01:51] ERROR: getCoursesSersice is not defined
[2024-11-24 00:01:51] ERROR: getCoursesSersice is not defined
[2024-11-24 00:01:51] ERROR: Error: getCoursesSersice is not defined
[2024-11-24 00:02:15] INFO: app is running on port: 3000
[2024-11-24 00:04:09] INFO: app is running on port: 3000
[2024-11-24 00:04:19] INFO: app is running on port: 3000
[2024-11-24 00:04:29] INFO: app is running on port: 3000
[2024-11-24 00:04:33] INFO: app is running on port: 3000
[2024-11-24 00:04:37] INFO: app is running on port: 3000
[2024-11-24 00:04:39] INFO: app is running on port: 3000
[2024-11-24 00:04:45] INFO: app is running on port: 3000
[2024-11-24 00:05:01] INFO: app is running on port: 3000
[2024-11-24 00:05:02] INFO: app is running on port: 3000
[2024-11-24 00:05:06] INFO: app is running on port: 3000
[2024-11-24 00:09:31] INFO: app is running on port: 3000
[2024-11-24 00:10:00] INFO: app is running on port: 3000
[2024-11-24 00:10:02] INFO: app is running on port: 3000
[2024-11-24 00:10:05] INFO: app is running on port: 3000
[2024-11-24 00:45:38] INFO: app is running on port: 3000
[2024-11-24 00:45:52] INFO: app is running on port: 3000
[2024-11-24 00:45:59] INFO: app is running on port: 3000
[2024-11-24 00:47:19] ERROR: Undefined binding(s) detected when compiling SELECT. Undefined column(s): [id] query: select * from "users" where "id" = ?
[2024-11-24 00:47:19] ERROR: Undefined binding(s) detected when compiling SELECT. Undefined column(s): [id] query: select * from "users" where "id" = ?
[2024-11-24 00:47:19] ERROR: Error: Undefined binding(s) detected when compiling SELECT. Undefined column(s): [id] query: select * from "users" where "id" = ?
[2024-11-24 00:47:57] ERROR: getTeacherSersice is not defined
[2024-11-24 00:47:57] ERROR: Error: getTeacherSersice is not defined
[2024-11-24 00:48:09] INFO: app is running on port: 3000
[2024-11-24 00:48:51] ERROR: updatTeacherSersice is not defined
[2024-11-24 00:48:51] ERROR: Error: updatTeacherSersice is not defined
[2024-11-24 00:49:04] INFO: app is running on port: 3000
[2024-11-24 00:49:07] ERROR: Cannot read properties of undefined (reading 'id')
[2024-11-24 00:49:07] ERROR: Error: Cannot read properties of undefined (reading 'id')
[2024-11-24 00:51:00] INFO: app is running on port: 3000
[2024-11-24 00:51:15] INFO: app is running on port: 3000
[2024-11-24 00:51:30] INFO: app is running on port: 3000
[2024-11-24 00:51:39] INFO: app is running on port: 3000
[2024-11-24 00:51:51] INFO: app is running on port: 3000
[2024-11-24 00:51:55] INFO: app is running on port: 3000
[2024-11-24 00:51:56] INFO: app is running on port: 3000
[2024-11-24 00:52:00] INFO: app is running on port: 3000
[2024-11-24 00:52:03] INFO: app is running on port: 3000
[2024-11-24 00:52:07] INFO: app is running on port: 3000
[2024-11-24 00:52:15] INFO: app is running on port: 3000
[2024-11-24 00:52:19] INFO: app is running on port: 3000
[2024-11-24 00:52:25] INFO: app is running on port: 3000
[2024-11-24 00:52:28] INFO: app is running on port: 3000
[2024-11-24 00:52:36] INFO: app is running on port: 3000
[2024-11-24 00:52:43] INFO: app is running on port: 3000
[2024-11-24 00:52:46] INFO: app is running on port: 3000
[2024-11-24 00:52:49] INFO: app is running on port: 3000
[2024-11-24 00:52:53] INFO: app is running on port: 3000
[2024-11-24 00:53:08] INFO: app is running on port: 3000
[2024-11-24 00:53:13] INFO: app is running on port: 3000
[2024-11-24 00:53:17] INFO: app is running on port: 3000
[2024-11-24 00:53:30] INFO: app is running on port: 3000
[2024-11-24 00:53:34] INFO: app is running on port: 3000
[2024-11-24 00:53:41] INFO: app is running on port: 3000
[2024-11-24 00:53:44] INFO: app is running on port: 3000
[2024-11-24 00:53:46] INFO: app is running on port: 3000
[2024-11-24 00:53:58] INFO: app is running on port: 3000
[2024-11-24 00:54:03] INFO: app is running on port: 3000
[2024-11-24 00:54:37] INFO: app is running on port: 3000
[2024-11-24 00:54:39] INFO: app is running on port: 3000
[2024-11-24 00:54:40] INFO: app is running on port: 3000
[2024-11-24 00:54:50] INFO: app is running on port: 3000
[2024-11-24 00:54:53] INFO: app is running on port: 3000
[2024-11-24 00:54:55] INFO: app is running on port: 3000
[2024-11-24 00:54:59] INFO: app is running on port: 3000
[2024-11-24 00:57:41] INFO: app is running on port: 3000
[2024-11-24 00:57:45] INFO: app is running on port: 3000
[2024-11-24 00:57:49] INFO: app is running on port: 3000
[2024-11-24 01:13:23] INFO: app is running on port: 3000
[2024-11-24 01:15:33] ERROR: Error: Unexpected number in JSON at position 60
[2024-11-24 15:16:12] INFO: app is running on port: 3000
[2024-11-24 15:17:01] INFO: app is running on port: 3000
[2024-11-24 15:17:06] INFO: app is running on port: 3000
[2024-11-24 15:17:10] INFO: app is running on port: 3000
[2024-11-24 15:17:14] INFO: app is running on port: 3000
[2024-11-24 15:17:19] INFO: app is running on port: 3000
[2024-11-24 15:18:09] INFO: app is running on port: 3000
[2024-11-24 15:20:49] INFO: app is running on port: 3000
[2024-11-24 15:20:56] INFO: app is running on port: 3000
[2024-11-24 15:21:47] INFO: app is running on port: 3000
[2024-11-24 15:22:19] INFO: app is running on port: 3000
[2024-11-24 15:53:10] INFO: app is running on port: 3000
[2024-11-24 15:53:33] INFO: app is running on port: 3000
[2024-11-24 15:56:42] INFO: app is running on port: 3000
[2024-11-24 15:56:56] INFO: app is running on port: 3000
[2024-11-24 15:57:49] INFO: app is running on port: 3000
[2024-11-24 15:58:03] INFO: app is running on port: 3000
[2024-11-24 16:00:31] INFO: app is running on port: 3000
[2024-11-24 16:01:29] INFO: app is running on port: 3000
[2024-11-24 16:03:54] INFO: app is running on port: 3000
[2024-11-24 16:04:00] INFO: app is running on port: 3000
[2024-11-24 16:04:05] INFO: app is running on port: 3000
[2024-11-24 16:04:07] INFO: app is running on port: 3000
[2024-11-24 16:04:20] INFO: app is running on port: 3000
[2024-11-24 16:04:44] INFO: app is running on port: 3000
[2024-11-24 16:05:05] INFO: app is running on port: 3000
[2024-11-24 16:05:14] INFO: app is running on port: 3000
[2024-11-24 16:05:17] INFO: app is running on port: 3000
[2024-11-24 16:05:19] INFO: app is running on port: 3000
[2024-11-24 16:05:24] INFO: app is running on port: 3000
[2024-11-24 16:05:25] INFO: app is running on port: 3000
[2024-11-24 16:05:33] INFO: app is running on port: 3000
[2024-11-24 16:05:36] INFO: app is running on port: 3000
[2024-11-24 16:05:37] INFO: app is running on port: 3000
[2024-11-24 16:05:42] INFO: app is running on port: 3000
[2024-11-24 16:05:50] INFO: app is running on port: 3000
[2024-11-24 16:05:53] INFO: app is running on port: 3000
[2024-11-24 16:05:56] INFO: app is running on port: 3000
[2024-11-24 16:06:08] INFO: app is running on port: 3000
[2024-11-24 16:06:11] INFO: app is running on port: 3000
[2024-11-24 16:06:14] INFO: app is running on port: 3000
[2024-11-24 16:06:17] INFO: app is running on port: 3000
[2024-11-24 16:06:20] INFO: app is running on port: 3000
[2024-11-24 16:06:24] INFO: app is running on port: 3000
[2024-11-24 16:06:29] INFO: app is running on port: 3000
[2024-11-24 16:06:32] INFO: app is running on port: 3000
[2024-11-24 16:06:53] INFO: app is running on port: 3000
[2024-11-24 16:06:56] INFO: app is running on port: 3000
[2024-11-24 16:07:10] INFO: app is running on port: 3000
[2024-11-24 16:07:16] INFO: app is running on port: 3000
[2024-11-24 16:09:57] INFO: app is running on port: 3000
[2024-11-24 16:10:02] INFO: app is running on port: 3000
[2024-11-24 16:10:11] INFO: app is running on port: 3000
[2024-11-24 16:10:13] INFO: app is running on port: 3000
[2024-11-24 16:10:16] INFO: app is running on port: 3000
[2024-11-24 16:10:19] INFO: app is running on port: 3000
[2024-11-24 16:10:27] INFO: app is running on port: 3000
[2024-11-24 16:10:29] INFO: app is running on port: 3000
[2024-11-24 16:10:31] INFO: app is running on port: 3000
[2024-11-24 16:10:35] INFO: app is running on port: 3000
[2024-11-24 16:11:04] INFO: app is running on port: 3000
[2024-11-24 16:11:08] INFO: app is running on port: 3000
[2024-11-24 16:11:15] INFO: app is running on port: 3000
[2024-11-24 16:11:17] INFO: app is running on port: 3000
[2024-11-24 16:11:24] INFO: app is running on port: 3000
[2024-11-24 16:11:30] INFO: app is running on port: 3000
[2024-11-24 16:11:46] INFO: app is running on port: 3000
[2024-11-24 16:11:48] INFO: app is running on port: 3000
[2024-11-24 16:11:50] INFO: app is running on port: 3000
[2024-11-24 16:11:52] INFO: app is running on port: 3000
[2024-11-24 16:11:54] INFO: app is running on port: 3000
[2024-11-24 16:11:56] INFO: app is running on port: 3000
[2024-11-24 16:12:01] INFO: app is running on port: 3000
[2024-11-24 16:12:04] INFO: app is running on port: 3000
[2024-11-24 16:12:10] INFO: app is running on port: 3000
[2024-11-24 16:12:11] INFO: app is running on port: 3000
[2024-11-24 16:12:15] INFO: app is running on port: 3000
[2024-11-24 16:12:17] INFO: app is running on port: 3000
[2024-11-24 16:12:27] INFO: app is running on port: 3000
[2024-11-24 16:12:31] INFO: app is running on port: 3000
[2024-11-24 16:12:32] INFO: app is running on port: 3000
[2024-11-24 16:12:35] INFO: app is running on port: 3000
[2024-11-24 16:12:37] INFO: app is running on port: 3000
[2024-11-24 16:12:43] INFO: app is running on port: 3000
[2024-11-24 16:12:56] INFO: app is running on port: 3000
[2024-11-24 16:13:04] INFO: app is running on port: 3000
[2024-11-24 16:13:12] INFO: app is running on port: 3000
[2024-11-24 16:13:16] INFO: app is running on port: 3000
[2024-11-24 16:13:43] INFO: app is running on port: 3000
[2024-11-24 16:13:48] INFO: app is running on port: 3000
[2024-11-24 16:13:53] INFO: app is running on port: 3000
[2024-11-24 16:13:55] INFO: app is running on port: 3000
[2024-11-24 16:14:05] INFO: app is running on port: 3000
[2024-11-24 16:14:08] INFO: app is running on port: 3000
[2024-11-24 16:14:10] INFO: app is running on port: 3000
[2024-11-24 16:14:19] ERROR: Error: insert into "users" ("email", "name", "password") values (DEFAULT, $1, $2) - null value in column "email" of relation "users" violates not-null constraint
[2024-11-24 16:15:17] INFO: app is running on port: 3000
[2024-11-24 16:15:20] INFO: app is running on port: 3000
[2024-11-24 16:15:23] INFO: app is running on port: 3000
[2024-11-24 16:15:38] INFO: app is running on port: 3000
[2024-11-24 16:16:02] INFO: app is running on port: 3000
[2024-11-24 16:16:09] INFO: app is running on port: 3000
[2024-11-24 16:16:50] ERROR: Error: insert into "users" ("email", "name", "password") values ($1, $2, $3) - duplicate key value violates unique constraint "users_email_unique"
[2024-11-24 16:18:30] INFO: app is running on port: 3000
[2024-11-24 16:18:50] INFO: app is running on port: 3000
[2024-11-24 16:18:57] INFO: app is running on port: 3000
[2024-11-24 16:19:03] INFO: app is running on port: 3000
[2024-11-24 16:19:05] INFO: app is running on port: 3000
[2024-11-24 16:19:06] INFO: app is running on port: 3000
[2024-11-24 16:19:11] INFO: app is running on port: 3000
[2024-11-24 16:19:13] INFO: app is running on port: 3000
[2024-11-24 16:19:20] INFO: app is running on port: 3000
[2024-11-24 16:19:21] INFO: app is running on port: 3000
[2024-11-24 16:19:26] INFO: app is running on port: 3000
[2024-11-24 16:19:27] INFO: app is running on port: 3000
[2024-11-24 16:19:28] INFO: app is running on port: 3000
[2024-11-24 16:19:36] INFO: app is running on port: 3000
[2024-11-24 16:19:55] INFO: app is running on port: 3000
[2024-11-24 16:19:57] INFO: app is running on port: 3000
[2024-11-24 16:20:09] INFO: app is running on port: 3000
[2024-11-24 16:20:15] INFO: app is running on port: 3000
[2024-11-24 16:20:23] INFO: app is running on port: 3000
[2024-11-24 16:20:25] INFO: app is running on port: 3000
[2024-11-25 21:24:00] INFO: app is running on port: 3000
[2024-11-25 21:28:06] INFO: app is running on port: 3000
[2024-11-25 21:28:40] INFO: app is running on port: 3000
[2024-11-25 21:28:41] INFO: app is running on port: 3000
[2024-11-25 21:28:44] INFO: app is running on port: 3000
[2024-11-25 21:28:48] INFO: app is running on port: 3000
[2024-11-25 21:28:51] INFO: app is running on port: 3000
[2024-11-25 21:28:54] INFO: app is running on port: 3000
[2024-11-25 21:29:18] INFO: app is running on port: 3000
[2024-11-25 21:29:19] INFO: app is running on port: 3000
[2024-11-25 21:30:59] INFO: app is running on port: 3000
[2024-11-25 21:31:09] INFO: app is running on port: 3000
[2024-11-25 21:31:15] INFO: app is running on port: 3000
[2024-11-25 21:31:18] INFO: app is running on port: 3000
[2024-11-25 21:31:21] INFO: app is running on port: 3000
[2024-11-25 21:31:24] INFO: app is running on port: 3000
[2024-11-25 21:31:25] INFO: app is running on port: 3000
[2024-11-25 21:31:27] INFO: app is running on port: 3000
[2024-11-25 21:31:31] INFO: app is running on port: 3000
[2024-11-25 21:31:32] INFO: app is running on port: 3000
[2024-11-25 21:31:34] INFO: app is running on port: 3000
[2024-11-25 21:31:39] INFO: app is running on port: 3000
[2024-11-25 21:31:41] INFO: app is running on port: 3000
[2024-11-25 21:32:45] INFO: app is running on port: 3000
[2024-11-25 21:32:46] INFO: app is running on port: 3000
[2024-11-25 21:32:49] INFO: app is running on port: 3000
[2024-11-25 21:32:51] INFO: app is running on port: 3000
[2024-11-25 21:32:52] INFO: app is running on port: 3000
[2024-11-25 21:33:59] INFO: app is running on port: 3000
[2024-11-25 21:34:01] INFO: app is running on port: 3000
[2024-11-25 21:34:08] INFO: app is running on port: 3000
[2024-11-25 21:34:10] INFO: app is running on port: 3000
[2024-11-25 21:34:12] INFO: app is running on port: 3000
[2024-11-25 21:34:16] INFO: app is running on port: 3000
[2024-11-25 21:34:17] INFO: app is running on port: 3000
[2024-11-25 21:34:25] INFO: app is running on port: 3000
[2024-11-25 21:34:28] INFO: app is running on port: 3000
[2024-11-25 21:34:32] INFO: app is running on port: 3000
[2024-11-25 21:34:37] INFO: app is running on port: 3000
[2024-11-25 21:34:39] INFO: app is running on port: 3000
[2024-11-25 21:34:41] INFO: app is running on port: 3000
[2024-11-25 21:34:42] INFO: app is running on port: 3000
[2024-11-25 21:34:50] INFO: app is running on port: 3000
[2024-11-25 21:34:53] INFO: app is running on port: 3000
[2024-11-25 21:34:55] INFO: app is running on port: 3000
[2024-11-25 21:34:58] INFO: app is running on port: 3000
[2024-11-25 21:34:59] INFO: app is running on port: 3000
[2024-11-25 21:35:04] INFO: app is running on port: 3000
[2024-11-25 21:35:08] INFO: app is running on port: 3000
[2024-11-25 21:35:12] INFO: app is running on port: 3000
[2024-11-25 21:35:14] INFO: app is running on port: 3000
[2024-11-25 21:35:19] INFO: app is running on port: 3000
[2024-11-25 21:35:20] INFO: app is running on port: 3000
[2024-11-25 21:35:29] INFO: app is running on port: 3000
[2024-11-25 21:35:38] INFO: app is running on port: 3000
[2024-11-25 21:35:40] INFO: app is running on port: 3000
[2024-11-25 21:35:45] INFO: app is running on port: 3000
[2024-11-25 21:35:46] INFO: app is running on port: 3000
[2024-11-25 21:35:48] INFO: app is running on port: 3000
[2024-11-25 21:35:53] INFO: app is running on port: 3000
[2024-11-25 21:35:56] INFO: app is running on port: 3000
[2024-11-25 21:35:59] INFO: app is running on port: 3000
[2024-11-25 21:36:52] INFO: app is running on port: 3000
[2024-11-25 21:36:54] INFO: app is running on port: 3000
[2024-11-25 21:36:56] INFO: app is running on port: 3000
[2024-11-25 21:36:59] INFO: app is running on port: 3000
[2024-11-25 21:37:02] INFO: app is running on port: 3000
[2024-11-25 21:37:04] INFO: app is running on port: 3000
[2024-11-25 21:37:12] INFO: app is running on port: 3000
[2024-11-25 21:37:13] INFO: app is running on port: 3000
[2024-11-25 21:37:19] INFO: app is running on port: 3000
[2024-11-25 21:37:22] INFO: app is running on port: 3000
[2024-11-25 21:37:24] INFO: app is running on port: 3000
[2024-11-25 21:37:27] INFO: app is running on port: 3000
[2024-11-25 21:37:28] INFO: app is running on port: 3000
[2024-11-25 21:37:30] INFO: app is running on port: 3000
[2024-11-25 21:37:36] INFO: app is running on port: 3000
[2024-11-25 21:37:39] INFO: app is running on port: 3000
[2024-11-25 21:37:41] INFO: app is running on port: 3000
[2024-11-25 21:37:45] INFO: app is running on port: 3000
[2024-11-25 21:37:50] INFO: app is running on port: 3000
[2024-11-25 21:37:53] INFO: app is running on port: 3000
[2024-11-25 21:37:55] INFO: app is running on port: 3000
[2024-11-25 21:38:04] INFO: app is running on port: 3000
[2024-11-25 21:38:08] INFO: app is running on port: 3000
[2024-11-25 21:38:36] INFO: app is running on port: 3000
[2024-11-25 21:38:38] INFO: app is running on port: 3000
[2024-11-25 21:38:40] INFO: app is running on port: 3000
[2024-11-25 21:39:02] INFO: app is running on port: 3000
[2024-11-25 21:39:10] INFO: app is running on port: 3000
[2024-11-25 21:40:05] INFO: app is running on port: 3000
[2024-11-25 21:40:11] INFO: app is running on port: 3000
[2024-11-25 21:40:12] INFO: app is running on port: 3000
[2024-11-25 21:40:15] INFO: app is running on port: 3000
[2024-11-25 21:40:16] INFO: app is running on port: 3000
[2024-11-25 21:40:35] INFO: app is running on port: 3000
[2024-11-25 21:40:36] INFO: app is running on port: 3000
[2024-11-25 21:40:39] INFO: app is running on port: 3000
[2024-11-25 21:40:40] INFO: app is running on port: 3000
[2024-11-25 21:40:44] INFO: app is running on port: 3000
[2024-11-25 21:40:47] INFO: app is running on port: 3000
[2024-11-25 21:40:49] INFO: app is running on port: 3000
[2024-11-25 21:40:59] INFO: app is running on port: 3000
[2024-11-25 21:41:02] INFO: app is running on port: 3000
[2024-11-25 21:41:07] INFO: app is running on port: 3000
[2024-11-25 21:41:10] INFO: app is running on port: 3000
[2024-11-25 21:41:15] INFO: app is running on port: 3000
[2024-11-25 21:41:22] INFO: app is running on port: 3000
[2024-11-25 21:41:23] INFO: app is running on port: 3000
[2024-11-25 21:41:27] INFO: app is running on port: 3000
[2024-11-25 21:41:31] INFO: app is running on port: 3000
[2024-11-25 21:41:35] INFO: app is running on port: 3000
[2024-11-25 21:41:42] INFO: app is running on port: 3000
[2024-11-25 21:41:47] INFO: app is running on port: 3000
[2024-11-25 21:41:49] INFO: app is running on port: 3000
[2024-11-25 21:41:51] INFO: app is running on port: 3000
[2024-11-25 21:41:56] INFO: app is running on port: 3000
[2024-11-25 21:41:57] INFO: app is running on port: 3000
[2024-11-25 21:42:00] INFO: app is running on port: 3000
[2024-11-25 21:42:04] INFO: app is running on port: 3000
[2024-11-25 21:42:08] INFO: app is running on port: 3000
[2024-11-25 21:42:10] INFO: app is running on port: 3000
[2024-11-25 21:42:12] INFO: app is running on port: 3000
[2024-11-25 21:42:16] INFO: app is running on port: 3000
[2024-11-25 21:42:21] INFO: app is running on port: 3000
[2024-11-25 21:42:36] INFO: app is running on port: 3000
[2024-11-25 21:42:38] INFO: app is running on port: 3000
[2024-11-25 21:42:40] INFO: app is running on port: 3000
[2024-11-25 21:42:42] INFO: app is running on port: 3000
[2024-11-25 21:42:43] INFO: app is running on port: 3000
[2024-11-25 21:42:49] INFO: app is running on port: 3000
[2024-11-25 21:42:51] INFO: app is running on port: 3000
[2024-11-25 21:42:51] INFO: app is running on port: 3000
[2024-11-25 21:42:57] INFO: app is running on port: 3000
[2024-11-25 21:42:59] INFO: app is running on port: 3000
[2024-11-25 21:43:02] INFO: app is running on port: 3000
[2024-11-25 21:43:05] INFO: app is running on port: 3000
[2024-11-25 21:43:10] INFO: app is running on port: 3000
[2024-11-25 21:43:17] INFO: app is running on port: 3000
[2024-11-25 21:43:33] INFO: app is running on port: 3000
[2024-11-25 21:43:37] INFO: app is running on port: 3000
[2024-11-25 21:43:44] INFO: app is running on port: 3000
[2024-11-25 21:43:45] INFO: app is running on port: 3000
[2024-11-25 21:43:48] INFO: app is running on port: 3000
[2024-11-25 21:43:54] INFO: app is running on port: 3000
[2024-11-25 21:43:57] INFO: app is running on port: 3000
[2024-11-25 21:44:00] INFO: app is running on port: 3000
[2024-11-25 21:44:02] INFO: app is running on port: 3000
[2024-11-25 21:44:07] INFO: app is running on port: 3000
[2024-11-25 21:44:08] INFO: app is running on port: 3000
[2024-11-25 21:44:10] INFO: app is running on port: 3000
[2024-11-25 21:44:15] INFO: app is running on port: 3000
[2024-11-25 21:44:17] INFO: app is running on port: 3000
[2024-11-25 21:44:21] INFO: app is running on port: 3000
[2024-11-25 21:44:22] INFO: app is running on port: 3000
[2024-11-25 21:44:23] INFO: app is running on port: 3000
[2024-11-25 21:44:26] INFO: app is running on port: 3000
[2024-11-25 21:44:32] INFO: app is running on port: 3000
[2024-11-25 21:44:37] INFO: app is running on port: 3000
[2024-11-25 21:44:39] INFO: app is running on port: 3000
[2024-11-25 21:44:42] INFO: app is running on port: 3000
[2024-11-25 21:44:50] INFO: app is running on port: 3000
[2024-11-25 21:44:51] INFO: app is running on port: 3000
[2024-11-25 21:44:55] INFO: app is running on port: 3000
[2024-11-25 21:44:59] INFO: app is running on port: 3000
[2024-11-25 21:45:01] INFO: app is running on port: 3000
[2024-11-25 21:45:11] INFO: app is running on port: 3000
[2024-11-25 21:45:16] INFO: app is running on port: 3000
[2024-11-25 21:45:20] INFO: app is running on port: 3000
[2024-11-25 21:45:27] INFO: app is running on port: 3000
[2024-11-25 21:45:51] INFO: app is running on port: 3000
[2024-11-25 21:45:52] INFO: app is running on port: 3000
[2024-11-25 21:46:11] INFO: app is running on port: 3000
[2024-11-25 21:46:14] INFO: app is running on port: 3000
[2024-11-25 21:46:16] INFO: app is running on port: 3000
[2024-11-25 21:46:29] INFO: app is running on port: 3000
[2024-11-25 21:46:57] INFO: app is running on port: 3000
[2024-11-25 21:47:00] INFO: app is running on port: 3000
[2024-11-25 21:47:02] INFO: app is running on port: 3000
[2024-11-25 21:47:06] INFO: app is running on port: 3000
[2024-11-25 21:47:09] INFO: app is running on port: 3000
[2024-11-25 21:47:11] INFO: app is running on port: 3000
[2024-11-25 21:47:44] INFO: app is running on port: 3000
[2024-11-25 21:47:45] INFO: app is running on port: 3000
[2024-11-25 21:47:47] INFO: app is running on port: 3000
[2024-11-25 21:48:19] INFO: app is running on port: 3000
[2024-11-25 21:48:54] INFO: app is running on port: 3000
[2024-11-25 21:48:56] INFO: app is running on port: 3000
[2024-11-25 21:48:58] INFO: app is running on port: 3000
[2024-11-25 21:49:03] INFO: app is running on port: 3000
[2024-11-25 21:49:05] INFO: app is running on port: 3000
[2024-11-25 21:49:13] INFO: app is running on port: 3000
[2024-11-25 21:49:16] INFO: app is running on port: 3000
[2024-11-25 21:49:19] INFO: app is running on port: 3000
[2024-11-25 21:49:20] INFO: app is running on port: 3000
[2024-11-25 21:49:22] INFO: app is running on port: 3000
[2024-11-25 21:49:38] INFO: app is running on port: 3000
[2024-11-25 21:49:41] INFO: app is running on port: 3000
[2024-11-25 21:51:09] INFO: app is running on port: 3000
[2024-11-25 21:51:10] INFO: app is running on port: 3000
[2024-11-25 21:51:44] INFO: app is running on port: 3000
[2024-11-25 21:52:00] INFO: app is running on port: 3000
[2024-11-25 21:52:04] INFO: app is running on port: 3000
[2024-11-25 21:52:19] INFO: app is running on port: 3000
[2024-11-25 21:52:32] INFO: app is running on port: 3000
[2024-11-25 21:52:35] INFO: app is running on port: 3000
[2024-11-25 21:53:17] INFO: app is running on port: 3000
[2024-11-25 21:53:25] INFO: app is running on port: 3000
[2024-11-25 21:53:27] INFO: app is running on port: 3000
[2024-11-25 21:53:32] INFO: app is running on port: 3000
[2024-11-25 21:53:41] INFO: app is running on port: 3000
[2024-11-25 21:53:43] INFO: app is running on port: 3000
[2024-11-25 21:53:46] INFO: app is running on port: 3000
[2024-11-25 21:53:48] INFO: app is running on port: 3000
[2024-11-25 21:53:55] INFO: app is running on port: 3000
[2024-11-25 21:53:58] INFO: app is running on port: 3000
[2024-11-25 21:54:01] INFO: app is running on port: 3000
[2024-11-25 21:54:04] INFO: app is running on port: 3000
[2024-11-25 21:54:07] INFO: app is running on port: 3000
[2024-11-25 21:54:09] INFO: app is running on port: 3000
[2024-11-25 21:54:12] INFO: app is running on port: 3000
[2024-11-25 21:54:15] INFO: app is running on port: 3000
[2024-11-25 21:54:17] INFO: app is running on port: 3000
[2024-11-25 21:54:23] INFO: app is running on port: 3000
[2024-11-25 21:54:24] INFO: app is running on port: 3000
[2024-11-25 21:54:26] INFO: app is running on port: 3000
[2024-11-25 21:54:28] INFO: app is running on port: 3000
[2024-11-25 21:54:30] INFO: app is running on port: 3000
[2024-11-25 21:54:37] INFO: app is running on port: 3000
[2024-11-25 21:54:38] INFO: app is running on port: 3000
[2024-11-25 21:54:43] INFO: app is running on port: 3000
[2024-11-25 21:54:54] INFO: app is running on port: 3000
[2024-11-25 21:54:59] INFO: app is running on port: 3000
[2024-11-25 21:55:04] INFO: app is running on port: 3000
[2024-11-25 21:55:06] INFO: app is running on port: 3000
[2024-11-25 21:55:13] INFO: app is running on port: 3000
[2024-11-25 21:55:18] INFO: app is running on port: 3000
[2024-11-25 21:55:38] INFO: app is running on port: 3000
[2024-11-25 21:55:48] INFO: app is running on port: 3000
[2024-11-25 21:55:49] INFO: app is running on port: 3000
[2024-11-25 21:56:43] INFO: app is running on port: 3000
[2024-11-25 21:56:45] INFO: app is running on port: 3000
[2024-11-25 21:56:49] INFO: app is running on port: 3000
[2024-11-25 21:56:53] INFO: app is running on port: 3000
[2024-11-25 21:56:55] INFO: app is running on port: 3000
[2024-11-25 21:57:00] INFO: app is running on port: 3000
[2024-11-25 21:57:08] INFO: app is running on port: 3000
[2024-11-25 21:57:24] INFO: app is running on port: 3000
[2024-11-25 22:00:37] INFO: app is running on port: 3000
[2024-11-25 22:00:40] INFO: app is running on port: 3000
[2024-11-25 22:00:41] INFO: app is running on port: 3000
[2024-11-25 22:00:43] INFO: app is running on port: 3000
[2024-11-25 22:00:45] INFO: app is running on port: 3000
[2024-11-25 22:00:48] INFO: app is running on port: 3000
[2024-11-25 22:00:51] INFO: app is running on port: 3000
[2024-11-25 22:00:55] INFO: app is running on port: 3000
[2024-11-25 22:01:17] INFO: app is running on port: 3000
[2024-11-25 22:01:24] INFO: app is running on port: 3000
[2024-11-25 22:01:27] INFO: app is running on port: 3000
[2024-11-25 22:01:34] INFO: app is running on port: 3000
[2024-11-25 22:02:01] INFO: app is running on port: 3000
[2024-11-25 22:02:25] ERROR: Error: [
  {
    "validation": "email",
    "code": "invalid_string",
    "message": "Invalid email address",
    "path": [
      "email"
    ]
  },
  {
    "received": "student",
    "code": "invalid_enum_value",
    "options": [
      "user",
      "admin",
      "teacher"
    ],
    "path": [
      "role"
    ],
    "message": "Invalid enum value. Expected 'user' | 'admin' | 'teacher', received 'student'"
  }
]
[2024-11-25 22:02:53] INFO: app is running on port: 3000
[2024-11-25 22:02:55] ERROR: Error: [
  {
    "validation": "email",
    "code": "invalid_string",
    "message": "Invalid email address",
    "path": [
      "email"
    ]
  },
  {
    "received": "student",
    "code": "invalid_enum_value",
    "options": [
      "user",
      "admin",
      "teacher"
    ],
    "path": [
      "role"
    ],
    "message": "Invalid enum value. Expected 'user' | 'admin' | 'teacher', received 'student'"
  }
]
[2024-11-25 22:02:58] ERROR: Error: [
  {
    "validation": "email",
    "code": "invalid_string",
    "message": "Invalid email address",
    "path": [
      "email"
    ]
  },
  {
    "received": "student",
    "code": "invalid_enum_value",
    "options": [
      "user",
      "admin",
      "teacher"
    ],
    "path": [
      "role"
    ],
    "message": "Invalid enum value. Expected 'user' | 'admin' | 'teacher', received 'student'"
  }
]
[2024-11-25 22:03:14] INFO: app is running on port: 3000
[2024-11-25 22:03:15] ERROR: Error: [
  {
    "validation": "email",
    "code": "invalid_string",
    "message": "Invalid email address",
    "path": [
      "email"
    ]
  },
  {
    "received": "student",
    "code": "invalid_enum_value",
    "options": [
      "user",
      "admin",
      "teacher"
    ],
    "path": [
      "role"
    ],
    "message": "Invalid enum value. Expected 'user' | 'admin' | 'teacher', received 'student'"
  }
]
[2024-11-25 22:03:43] INFO: app is running on port: 3000
[2024-11-25 22:03:45] ERROR: Error: [
  {
    "validation": "email",
    "code": "invalid_string",
    "message": "Invalid email address",
    "path": [
      "email"
    ]
  },
  {
    "received": "student",
    "code": "invalid_enum_value",
    "options": [
      "user",
      "admin",
      "teacher"
    ],
    "path": [
      "role"
    ],
    "message": "Invalid enum value. Expected 'user' | 'admin' | 'teacher', received 'student'"
  }
]
[2024-11-25 22:04:08] INFO: app is running on port: 3000
[2024-11-25 22:04:18] INFO: app is running on port: 3000
[2024-11-25 22:04:23] ERROR: Error: Cannot read properties of undefined (reading 'message')
[2024-11-25 22:05:11] INFO: app is running on port: 3000
[2024-11-25 22:05:13] ERROR: Error: Cannot read properties of undefined (reading 'message')
[2024-11-25 22:05:35] INFO: app is running on port: 3000
[2024-11-25 22:05:38] ERROR: Error: Cannot read properties of undefined (reading 'message')
[2024-11-25 22:05:52] INFO: app is running on port: 3000
[2024-11-25 22:05:54] INFO: app is running on port: 3000
[2024-11-25 22:05:54] ERROR: Error: Cannot read properties of undefined (reading 'message')
[2024-11-25 22:06:58] ERROR: Error: Cannot read properties of undefined (reading 'message')
[2024-11-25 22:07:05] ERROR: Error: Cannot read properties of undefined (reading 'message')
[2024-11-25 22:07:27] INFO: app is running on port: 3000
[2024-11-25 22:07:53] INFO: app is running on port: 3000
[2024-11-25 22:07:59] ERROR: Error: [
  {
    "validation": "email",
    "code": "invalid_string",
    "message": "Invalid email address",
    "path": [
      "email"
    ]
  }
]
[2024-11-25 22:08:38] INFO: app is running on port: 3000
[2024-11-25 22:08:39] INFO: app is running on port: 3000
[2024-11-25 22:08:42] INFO: app is running on port: 3000
[2024-11-25 22:08:45] INFO: app is running on port: 3000
[2024-11-25 22:08:48] ERROR: Error: object
[2024-11-25 22:09:00] INFO: app is running on port: 3000
[2024-11-25 22:09:02] INFO: app is running on port: 3000
[2024-11-25 22:09:03] ERROR: Error: [
  {
    "validation": "email",
    "code": "invalid_string",
    "message": "Invalid email address",
    "path": [
      "email"
    ]
  }
]
[2024-11-25 22:09:09] INFO: app is running on port: 3000
[2024-11-25 22:09:09] ERROR: Error:
[2024-11-25 22:09:16] INFO: app is running on port: 3000
[2024-11-25 22:09:22] INFO: app is running on port: 3000
[2024-11-25 22:09:25] INFO: app is running on port: 3000
[2024-11-25 22:09:26] INFO: app is running on port: 3000
[2024-11-25 22:09:27] ERROR: Error: [
  {
    "validation": "email",
    "code": "invalid_string",
    "message": "Invalid email address",
    "path": [
      "email"
    ]
  }
]
[2024-11-25 22:09:53] INFO: app is running on port: 3000
[2024-11-25 22:10:40] INFO: app is running on port: 3000
[2024-11-25 22:10:50] INFO: app is running on port: 3000
[2024-11-25 22:10:59] INFO: app is running on port: 3000
[2024-11-25 22:11:04] INFO: app is running on port: 3000
[2024-11-25 22:11:18] INFO: app is running on port: 3000
[2024-11-25 22:11:20] INFO: app is running on port: 3000
[2024-11-25 22:11:29] INFO: app is running on port: 3000
[2024-11-25 22:11:35] INFO: app is running on port: 3000
[2024-11-25 22:11:37] INFO: app is running on port: 3000
[2024-11-25 22:11:45] INFO: app is running on port: 3000
[2024-11-25 22:11:55] INFO: app is running on port: 3000
[2024-11-25 22:11:58] INFO: app is running on port: 3000
[2024-11-25 22:12:08] INFO: app is running on port: 3000
[2024-11-25 22:12:37] INFO: app is running on port: 3000
[2024-11-25 22:12:40] INFO: app is running on port: 3000
[2024-11-25 22:12:51] INFO: app is running on port: 3000
[2024-11-25 22:13:02] INFO: app is running on port: 3000
[2024-11-25 22:13:06] INFO: app is running on port: 3000
[2024-11-25 22:20:32] INFO: app is running on port: 3000
[2024-11-25 22:21:04] INFO: app is running on port: 3000
[2024-11-25 22:21:07] INFO: app is running on port: 3000
[2024-11-25 22:21:10] INFO: app is running on port: 3000
[2024-11-25 22:21:14] INFO: app is running on port: 3000
[2024-11-25 22:21:15] INFO: app is running on port: 3000
[2024-11-25 22:21:18] INFO: app is running on port: 3000
[2024-11-25 22:21:24] INFO: app is running on port: 3000
[2024-11-25 22:21:27] INFO: app is running on port: 3000
[2024-11-25 22:21:29] INFO: app is running on port: 3000
[2024-11-25 22:21:34] INFO: app is running on port: 3000
[2024-11-25 22:21:39] INFO: app is running on port: 3000
[2024-11-25 22:22:01] ERROR: Error: Cannot read properties of undefined (reading '0')
[2024-11-25 22:22:13] ERROR: Error: Cannot read properties of undefined (reading '0')
[2024-11-25 22:22:18] INFO: app is running on port: 3000
[2024-11-25 22:22:21] ERROR: Error: Cannot read properties of undefined (reading '0')
[2024-11-25 22:22:36] INFO: app is running on port: 3000
[2024-11-25 22:23:06] ERROR: Error: Cannot read properties of undefined (reading '0')
[2024-11-25 22:23:39] INFO: app is running on port: 3000
[2024-11-25 22:23:41] INFO: app is running on port: 3000
[2024-11-25 22:31:34] INFO: app is running on port: 3000
[2024-11-25 22:35:09] INFO: app is running on port: 3000
[2024-11-25 22:35:15] INFO: app is running on port: 3000
[2024-11-25 22:47:29] INFO: app is running on port: 3000
[2024-11-25 22:47:31] INFO: app is running on port: 3000
[2024-11-25 22:47:33] INFO: app is running on port: 3000
[2024-11-25 22:47:37] INFO: app is running on port: 3000
[2024-11-25 22:47:39] INFO: app is running on port: 3000
[2024-11-25 22:47:47] INFO: app is running on port: 3000
[2024-11-25 22:47:59] INFO: app is running on port: 3000
[2024-11-25 22:48:01] INFO: app is running on port: 3000
[2024-11-25 22:48:06] INFO: app is running on port: 3000
[2024-11-25 22:48:08] INFO: app is running on port: 3000
[2024-11-25 22:48:11] INFO: app is running on port: 3000
[2024-11-25 22:48:54] INFO: app is running on port: 3000
[2024-11-25 22:49:00] INFO: app is running on port: 3000
[2024-11-25 22:49:11] INFO: app is running on port: 3000
[2024-11-25 22:49:29] INFO: app is running on port: 3000
[2024-11-25 22:49:44] INFO: app is running on port: 3000
[2024-11-25 22:49:55] INFO: app is running on port: 3000
[2024-11-25 22:50:38] INFO: app is running on port: 3000
[2024-11-25 22:50:44] INFO: app is running on port: 3000
[2024-11-25 22:50:53] INFO: app is running on port: 3000
[2024-11-25 22:50:55] INFO: app is running on port: 3000
[2024-11-25 22:50:58] INFO: app is running on port: 3000
[2024-11-25 22:51:08] INFO: app is running on port: 3000
[2024-11-25 22:51:13] INFO: app is running on port: 3000
[2024-11-25 22:51:36] INFO: app is running on port: 3000
[2024-11-25 22:55:43] INFO: app is running on port: 3000
[2024-11-25 22:56:01] INFO: app is running on port: 3000
[2024-11-25 23:00:00] INFO: app is running on port: 3000
[2024-11-25 23:00:29] INFO: app is running on port: 3000
[2024-11-25 23:00:36] INFO: app is running on port: 3000
[2024-11-25 23:00:42] INFO: app is running on port: 3000
[2024-11-25 23:00:54] INFO: app is running on port: 3000
[2024-11-25 23:00:55] INFO: app is running on port: 3000
[2024-11-25 23:00:58] INFO: app is running on port: 3000
[2024-11-25 23:01:00] INFO: app is running on port: 3000
[2024-11-25 23:01:01] INFO: app is running on port: 3000
[2024-11-25 23:01:06] INFO: app is running on port: 3000
[2024-11-25 23:01:08] INFO: app is running on port: 3000
[2024-11-25 23:01:18] INFO: app is running on port: 3000
[2024-11-25 23:01:21] INFO: app is running on port: 3000
[2024-11-25 23:01:24] INFO: app is running on port: 3000
[2024-11-25 23:01:27] INFO: app is running on port: 3000
[2024-11-25 23:01:32] INFO: app is running on port: 3000
[2024-11-25 23:01:37] INFO: app is running on port: 3000
[2024-11-25 23:01:38] INFO: app is running on port: 3000
[2024-11-25 23:01:43] INFO: app is running on port: 3000
[2024-11-25 23:01:45] INFO: app is running on port: 3000
[2024-11-25 23:01:47] INFO: app is running on port: 3000
[2024-11-25 23:01:57] INFO: app is running on port: 3000
[2024-11-25 23:03:37] INFO: app is running on port: 3000
[2024-11-25 23:03:39] INFO: app is running on port: 3000
[2024-11-25 23:03:44] INFO: app is running on port: 3000
[2024-11-25 23:03:57] INFO: app is running on port: 3000
[2024-11-25 23:04:08] INFO: app is running on port: 3000
[2024-11-25 23:04:11] INFO: app is running on port: 3000
[2024-11-25 23:05:41] ERROR: Error: req.user is not a function
[2024-11-25 23:05:49] ERROR: Error: req.user is not a function
[2024-11-25 23:06:02] INFO: app is running on port: 3000
[2024-11-25 23:06:19] INFO: Invalid login: 535-5.7.8 Username and Password not accepted. For more information, go to
535 5.7.8  https://support.google.com/mail/?p=BadCredentials 2adb3069b0e04-53dd2499ee3sm1736454e87.265 - gsmtp
[2024-11-25 23:07:39] INFO: Invalid login: 535-5.7.8 Username and Password not accepted. For more information, go to
535 5.7.8  https://support.google.com/mail/?p=BadCredentials 2adb3069b0e04-53ddbaf2a92sm1250126e87.229 - gsmtp
[2024-11-25 23:10:17] INFO: app is running on port: 3000
[2024-11-25 23:10:30] INFO: Invalid login: 535-5.7.8 Username and Password not accepted. For more information, go to
535 5.7.8  https://support.google.com/mail/?p=BadCredentials 2adb3069b0e04-53ddb360594sm1265000e87.188 - gsmtp
[2024-11-25 23:11:41] INFO: app is running on port: 3000
[2024-11-25 23:11:43] INFO: app is running on port: 3000
[2024-11-25 23:11:44] INFO: app is running on port: 3000
[2024-11-25 23:11:47] INFO: app is running on port: 3000
[2024-11-25 23:12:25] INFO: app is running on port: 3000
[2024-11-25 23:12:27] INFO: app is running on port: 3000
[2024-11-25 23:12:34] INFO: app is running on port: 3000
[2024-11-25 23:12:46] INFO: app is running on port: 3000
[2024-11-25 23:12:49] INFO: app is running on port: 3000
[2024-11-25 23:13:05] INFO: app is running on port: 3000
[2024-11-25 23:13:11] INFO: app is running on port: 3000
[2024-11-25 23:13:15] INFO: app is running on port: 3000
[2024-11-25 23:13:22] INFO: app is running on port: 3000
[2024-11-25 23:13:24] INFO: app is running on port: 3000
[2024-11-25 23:13:55] INFO: app is running on port: 3000
[2024-11-25 23:14:05] INFO: Invalid login: 535-5.7.8 Username and Password not accepted. For more information, go to
535 5.7.8  https://support.google.com/mail/?p=BadCredentials 2adb3069b0e04-53dd24812a6sm1755716e87.168 - gsmtp
[2024-11-26 22:36:59] INFO: app is running on port: 3000
[2024-11-26 23:15:53] INFO: app is running on port: 3000
[2024-11-26 23:15:57] INFO: app is running on port: 3000
[2024-11-26 23:16:02] INFO: app is running on port: 3000
[2024-11-26 23:19:49] ERROR: Error: Cannot read properties of undefined (reading 'parse')
[2024-11-26 23:20:58] INFO: app is running on port: 3000
[2024-11-26 23:23:02] ERROR: select * from "homeworks" where "id" = $1 - column "id" does not exist
[2024-11-26 23:23:02] ERROR: Error: select * from "homeworks" where "id" = $1 - column "id" does not exist
[2024-11-26 23:24:11] INFO: app is running on port: 3000
[2024-11-26 23:24:12] ERROR: select * from "homeworks" where "id" = $1 - column "id" does not exist
[2024-11-26 23:24:12] ERROR: Error: select * from "homeworks" where "id" = $1 - column "id" does not exist
[2024-11-26 23:24:16] INFO: app is running on port: 3000
[2024-11-26 23:25:38] INFO: app is running on port: 3000
[2024-11-26 23:25:41] INFO: app is running on port: 3000
[2024-11-26 23:25:44] ERROR: specifiedDate is not defined
[2024-11-26 23:25:44] ERROR: Error: specifiedDate is not defined
[2024-11-26 23:25:50] INFO: app is running on port: 3000
[2024-11-26 23:25:53] INFO: app is running on port: 3000
[2024-11-26 23:25:54] ERROR: select * from "homeworks" where "date" = $1 - column "date" does not exist
[2024-11-26 23:25:54] ERROR: Error: select * from "homeworks" where "date" = $1 - column "date" does not exist
[2024-11-26 23:26:09] INFO: app is running on port: 3000
[2024-11-26 23:26:10] ERROR: select * from "homeworks" where "id" = $1 - column "id" does not exist
[2024-11-26 23:26:10] ERROR: Error: select * from "homeworks" where "id" = $1 - column "id" does not exist
[2024-11-26 23:26:25] INFO: app is running on port: 3000
[2024-11-26 23:26:28] ERROR: select * from "homeworks" where "id" = $1 - column "id" does not exist
[2024-11-26 23:26:28] ERROR: Error: select * from "homeworks" where "id" = $1 - column "id" does not exist
[2024-11-26 23:26:33] ERROR: select * from "homeworks" where "id" = $1 - column "id" does not exist
[2024-11-26 23:26:33] ERROR: Error: select * from "homeworks" where "id" = $1 - column "id" does not exist
[2024-11-26 23:28:20] INFO: app is running on port: 3000
[2024-11-26 23:29:28] ERROR: course not found
[2024-11-26 23:29:28] ERROR: Error: course not found
[2024-11-26 23:29:57] INFO: app is running on port: 3000
[2024-11-26 23:30:01] INFO: app is running on port: 3000
[2024-11-26 23:30:22] INFO: app is running on port: 3000
[2024-11-26 23:30:23] ERROR: homework not found
[2024-11-26 23:30:23] ERROR: Error: homework not found
[2024-11-26 23:30:29] ERROR: homework not found
[2024-11-26 23:30:29] ERROR: homework not found
[2024-11-26 23:30:29] ERROR: Error: homework not found
[2024-11-26 23:30:56] ERROR: homework not found
[2024-11-26 23:30:56] ERROR: homework not found
[2024-11-26 23:30:56] ERROR: Error: homework not found
[2024-11-26 23:31:04] ERROR: Cannot read properties of undefined (reading 'id')
[2024-11-26 23:31:04] ERROR: Error: Cannot read properties of undefined (reading 'id')
[2024-11-26 23:32:07] INFO: app is running on port: 3000
[2024-11-26 23:32:10] INFO: app is running on port: 3000
[2024-11-26 23:32:11] ERROR: Cannot read properties of undefined (reading 'id')
[2024-11-26 23:32:11] ERROR: Error: Cannot read properties of undefined (reading 'id')
[2024-11-26 23:32:18] INFO: app is running on port: 3000
[2024-11-26 23:32:27] INFO: app is running on port: 3000
[2024-11-26 23:33:37] ERROR: homework not found
[2024-11-26 23:33:37] ERROR: Error: homework not found
[2024-11-26 23:33:54] INFO: app is running on port: 3000
[2024-11-26 23:34:10] INFO: app is running on port: 3000
[2024-11-26 23:34:19] INFO: app is running on port: 3000
[2024-11-26 23:34:27] INFO: app is running on port: 3000
[2024-11-26 23:34:36] INFO: app is running on port: 3000
[2024-11-26 23:35:19] INFO: app is running on port: 3000
[2024-11-26 23:37:52] INFO: app is running on port: 3000
[2024-11-26 23:37:55] INFO: app is running on port: 3000
[2024-11-26 23:37:57] INFO: app is running on port: 3000
[2024-11-26 23:39:58] INFO: app is running on port: 3000
[2024-11-26 23:40:01] ERROR: Error: Cannot read properties of undefined (reading 'parent')
[2024-11-26 23:41:03] INFO: app is running on port: 3000
[2024-11-26 23:41:24] INFO: app is running on port: 3000
[2024-11-26 23:41:36] INFO: app is running on port: 3000
[2024-11-26 23:41:39] INFO: app is running on port: 3000
[2024-11-26 23:44:43] INFO: app is running on port: 3000
[2024-11-26 23:44:52] INFO: app is running on port: 3000
[2024-11-26 23:47:45] INFO: app is running on port: 3000
[2024-11-26 23:47:50] INFO: app is running on port: 3000
[2024-11-26 23:49:03] INFO: app is running on port: 3000
[2024-11-26 23:49:07] INFO: app is running on port: 3000
[2024-11-26 23:49:19] INFO: app is running on port: 3000
[2024-11-26 23:49:30] INFO: app is running on port: 3000
[2024-11-26 23:49:35] INFO: app is running on port: 3000
[2024-11-26 23:49:43] INFO: app is running on port: 3000
[2024-11-26 23:49:58] INFO: app is running on port: 3000
[2024-11-26 23:50:04] INFO: app is running on port: 3000
[2024-11-26 23:50:10] INFO: app is running on port: 3000
[2024-11-26 23:50:11] INFO: app is running on port: 3000
[2024-11-26 23:50:17] INFO: app is running on port: 3000
[2024-11-26 23:50:21] INFO: app is running on port: 3000
[2024-11-26 23:50:26] INFO: app is running on port: 3000
[2024-11-26 23:50:33] INFO: app is running on port: 3000
[2024-11-26 23:50:34] INFO: app is running on port: 3000
[2024-11-26 23:50:40] INFO: app is running on port: 3000
[2024-11-26 23:50:44] INFO: app is running on port: 3000
[2024-11-26 23:50:54] INFO: app is running on port: 3000
[2024-11-26 23:51:33] INFO: app is running on port: 3000
[2024-11-26 23:51:36] INFO: app is running on port: 3000
[2024-11-26 23:52:22] INFO: app is running on port: 3000
[2024-11-26 23:52:27] INFO: app is running on port: 3000
[2024-11-26 23:52:33] INFO: app is running on port: 3000
[2024-11-27 00:02:47] INFO: app is running on port: 3000
[2024-11-27 00:06:26] ERROR: insert into "lessons" ("assignment_id", "end_date", "homework_id", "id", "start_date", "title", "video_path") values ($1, $2, $3, $4, $5, $6, $7) returning * - column "assignment_id" of relation "lessons" does not exist
[2024-11-27 00:06:26] ERROR: insert into "lessons" ("assignment_id", "end_date", "homework_id", "id", "start_date", "title", "video_path") values ($1, $2, $3, $4, $5, $6, $7) returning * - column "assignment_id" of relation "lessons" does not exist
[2024-11-27 00:06:26] ERROR: Error: insert into "lessons" ("assignment_id", "end_date", "homework_id", "id", "start_date", "title", "video_path") values ($1, $2, $3, $4, $5, $6, $7) returning * - column "assignment_id" of relation "lessons" does not exist
[2024-11-27 00:07:13] INFO: app is running on port: 3000
[2024-11-27 00:07:58] ERROR: insert into "lessons" ("assignment_id", "end_date", "homework_id", "id", "start_date", "title", "video_path") values ($1, $2, $3, $4, $5, $6, $7) returning * - column "assignment_id" of relation "lessons" does not exist
[2024-11-27 00:07:58] ERROR: insert into "lessons" ("assignment_id", "end_date", "homework_id", "id", "start_date", "title", "video_path") values ($1, $2, $3, $4, $5, $6, $7) returning * - column "assignment_id" of relation "lessons" does not exist
[2024-11-27 00:07:58] ERROR: Error: insert into "lessons" ("assignment_id", "end_date", "homework_id", "id", "start_date", "title", "video_path") values ($1, $2, $3, $4, $5, $6, $7) returning * - column "assignment_id" of relation "lessons" does not exist
[2024-11-27 00:08:31] ERROR: insert into "lessons" ("assignment_id", "end_date", "homework_id", "start_date", "title", "video_path") values ($1, $2, $3, $4, $5, $6) returning * - column "assignment_id" of relation "lessons" does not exist
[2024-11-27 00:08:31] ERROR: insert into "lessons" ("assignment_id", "end_date", "homework_id", "start_date", "title", "video_path") values ($1, $2, $3, $4, $5, $6) returning * - column "assignment_id" of relation "lessons" does not exist
[2024-11-27 00:08:31] ERROR: Error: insert into "lessons" ("assignment_id", "end_date", "homework_id", "start_date", "title", "video_path") values ($1, $2, $3, $4, $5, $6) returning * - column "assignment_id" of relation "lessons" does not exist
[2024-11-27 00:09:15] ERROR: insert into "lessons" ("assigment_id", "end_date", "homework_id", "start_date", "title", "video_path") values ($1, $2, $3, $4, $5, $6) returning * - date/time field value out of range: "1700050000000"
[2024-11-27 00:09:15] ERROR: insert into "lessons" ("assigment_id", "end_date", "homework_id", "start_date", "title", "video_path") values ($1, $2, $3, $4, $5, $6) returning * - date/time field value out of range: "1700050000000"
[2024-11-27 00:09:15] ERROR: Error: insert into "lessons" ("assigment_id", "end_date", "homework_id", "start_date", "title", "video_path") values ($1, $2, $3, $4, $5, $6) returning * - date/time field value out of range: "1700050000000"
[2024-11-27 00:10:05] ERROR: insert into "lessons" ("assigment_id", "end_date", "homework_id", "start_date", "title", "video_path") values ($1, $2, $3, $4, $5, $6) returning * - date/time field value out of range: "1700050000000"
[2024-11-27 00:10:05] ERROR: insert into "lessons" ("assigment_id", "end_date", "homework_id", "start_date", "title", "video_path") values ($1, $2, $3, $4, $5, $6) returning * - date/time field value out of range: "1700050000000"
[2024-11-27 00:10:05] ERROR: Error: insert into "lessons" ("assigment_id", "end_date", "homework_id", "start_date", "title", "video_path") values ($1, $2, $3, $4, $5, $6) returning * - date/time field value out of range: "1700050000000"
[2024-11-27 00:10:44] ERROR: insert into "lessons" ("assigment_id", "end_date", "homework_id", "start_date", "title", "video_path") values ($1, $2, $3, $4, $5, $6) returning * - insert or update on table "lessons" violates foreign key constraint "lessons_assigment_id_foreign"
[2024-11-27 00:10:44] ERROR: insert into "lessons" ("assigment_id", "end_date", "homework_id", "start_date", "title", "video_path") values ($1, $2, $3, $4, $5, $6) returning * - insert or update on table "lessons" violates foreign key constraint "lessons_assigment_id_foreign"
[2024-11-27 00:10:44] ERROR: Error: insert into "lessons" ("assigment_id", "end_date", "homework_id", "start_date", "title", "video_path") values ($1, $2, $3, $4, $5, $6) returning * - insert or update on table "lessons" violates foreign key constraint "lessons_assigment_id_foreign"
[2024-11-27 00:11:02] ERROR: insert into "lessons" ("assigment_id", "description", "end_date", "start_date", "title") values ($1, $2, $3, $4, $5) returning * - column "description" of relation "lessons" does not exist
[2024-11-27 00:11:02] ERROR: insert into "lessons" ("assigment_id", "description", "end_date", "start_date", "title") values ($1, $2, $3, $4, $5) returning * - column "description" of relation "lessons" does not exist
[2024-11-27 00:11:02] ERROR: Error: insert into "lessons" ("assigment_id", "description", "end_date", "start_date", "title") values ($1, $2, $3, $4, $5) returning * - column "description" of relation "lessons" does not exist
[2024-11-27 00:11:25] INFO: app is running on port: 3000
[2024-11-27 00:13:29] INFO: app is running on port: 3000
[2024-11-27 00:13:30] INFO: app is running on port: 3000
[2024-11-27 00:13:33] INFO: app is running on port: 3000
[2024-11-27 00:13:38] INFO: app is running on port: 3000
[2024-11-27 00:13:42] INFO: app is running on port: 3000
[2024-11-27 00:13:44] INFO: app is running on port: 3000
[2024-11-27 00:13:45] INFO: app is running on port: 3000
[2024-11-27 00:13:48] INFO: app is running on port: 3000
[2024-11-27 00:13:52] INFO: app is running on port: 3000
[2024-11-27 00:13:54] INFO: app is running on port: 3000
[2024-11-27 00:13:59] INFO: app is running on port: 3000
[2024-11-27 00:16:02] INFO: app is running on port: 3000
[2024-11-27 00:16:04] ERROR: Error: [
  {
    "code": "invalid_type",
    "expected": "number",
    "received": "undefined",
    "path": [
      "assignment_id"
    ],
    "message": "Required"
  },
  {
    "code": "invalid_type",
    "expected": "number",
    "received": "string",
    "path": [
      "start_date"
    ],
    "message": "Expected number, received string"
  },
  {
    "code": "invalid_type",
    "expected": "number",
    "received": "string",
    "path": [
      "end_date"
    ],
    "message": "Expected number, received string"
  }
]
[2024-11-27 00:16:52] INFO: app is running on port: 3000
[2024-11-27 00:16:53] ERROR: Error: [
  {
    "code": "invalid_type",
    "expected": "number",
    "received": "undefined",
    "path": [
      "assignment_id"
    ],
    "message": "Required"
  },
  {
    "code": "invalid_type",
    "expected": "number",
    "received": "string",
    "path": [
      "start_date"
    ],
    "message": "Expected number, received string"
  },
  {
    "code": "invalid_type",
    "expected": "number",
    "received": "string",
    "path": [
      "end_date"
    ],
    "message": "Expected number, received string"
  }
]
[2024-11-27 00:17:15] INFO: app is running on port: 3000
[2024-11-27 00:17:16] ERROR: Error: [
  {
    "code": "invalid_type",
    "expected": "number",
    "received": "undefined",
    "path": [
      "assignment_id"
    ],
    "message": "Required"
  },
  {
    "code": "invalid_type",
    "expected": "number",
    "received": "string",
    "path": [
      "start_date"
    ],
    "message": "Expected number, received string"
  },
  {
    "code": "invalid_type",
    "expected": "number",
    "received": "string",
    "path": [
      "end_date"
    ],
    "message": "Expected number, received string"
  }
]
[2024-11-27 00:17:22] INFO: app is running on port: 3000
